<?xml version="1.0" encoding="UTF-8"?>
<!-- Generated by org.testng.reporters.JUnitReportReporter -->
<testsuite hostname="LAPTOP-VNBA3OG5" failures="0" tests="5" name="_PepperFry.PepperFry.SortElements" time="3.393" errors="0" timestamp="2021-09-26T22:06:05 CDT" skipped="0">
  <testcase classname="_PepperFry.PepperFry.SortElements" name="sortInAscendingOrder" time="0.003"/>
  <system-out>
Abtract Wall Mirror In Golden Colour Avian Solid Wood Dresser With Mirror In Provincial Teak Finish Brown Synthetic Wood Spain Rectangle Shaped Mirror Engineeered Wood Rectangle Wall Mirror In Blue Colour Engineered Wood Full Length Mirror In Blue Colour Engineered Wood Oval Wall Mirror In Brown Colour Engineered Wood Oval Wall Mirror In Gold Colour Engineered Wood Round Wall Mirror In Brown Colour Engineered Wood Round Wall Mirror In Orange Colour Engineered Wood Round Wall Mirror In Silver Colour Framed Full Length Mirror In Black Colour Garnet Dresser In Wenge Colour Glass Full Length Mirror In Transparent Colour Glass Full Length Mirror In Transparent Colour Glass Oval Wall Mirror In Silver Colour Glass Oval Wall Mirror In Silver Colour Glass Oval Wall Mirror In Transparent Colour Glass Rectangle Wall Mirror In Transparent Colour Glass Round Wall Mirror In Transparent Colour MDF Rectangle Wall Mirror In Transparent Colour MDF Wall Mirror In Brown ByTimberly Mango Wood Rectangle Wall Mirror In Brown Colour Mango Wood Rectangle Wall Mirror In Olive Green Mango Wood Round Wall Mirror In White Colour Marble Finish Decorative Mirror In Beige Colour Marble Finish Decorative Mirror In White Colour Marble Wall Mirror In Red Colour Metal Antique Round Wall Mirror In Yellow Metal Round Wall Mirror In Multi Colour Rectangle Framed Mirror In Black Colour (24x18) Rectangle Full Length Mirror ( 60 X 18 ) In Brown Colour Rectangle Full Length Mirror ( 60 X 18 ) In Brown Colour Round Bevelled Mirror Frameless (24inch Dia) Round Led Mirror With White Light In Silver Colour (24x24) Set Of 3 Square Shape Mirror In Brown Colour Set Of 3 Square Shape Mirror In Brown Colour Sheesham Wood Full Length Mirror In Brown Colour Sheesham Wood Full Length Mirror In Brown Colour Silver Plastic Mughal Rectangle Shaped Mirror Simple Round Mirror Frameless (24inch Dia) Solid Wood Full Length Mirror In Brown Colour Synthetic Wood Full Length Mirror In Blue Colour Synthetic Wood Rectangle Wall Mirror In Brown Colour Synthetic Wood Rectangle Wall Mirror In White Colour Synthetic Wood Round Wall Mirror In Brown Colour Synthetic Wood Round Wall Mirror In Silver Colour Wooden Round Wall Mirror In Red Colour  </system-out>
  <testcase classname="_PepperFry.PepperFry.SortElements" name="checkelemetsdisplayed" time="2.148"/>
  <system-out/>
  <testcase classname="_PepperFry.PepperFry.SortElements" name="checkTitle" time="0.030"/>
  <system-out/>
  <testcase classname="_PepperFry.PepperFry.SortElements" name="sortInDescendingOrder" time="0.003"/>
  <system-out>
Wooden Round Wall Mirror In Red Colour Synthetic Wood Round Wall Mirror In Silver Colour Synthetic Wood Round Wall Mirror In Brown Colour Synthetic Wood Rectangle Wall Mirror In White Colour Synthetic Wood Rectangle Wall Mirror In Brown Colour Synthetic Wood Full Length Mirror In Blue Colour Solid Wood Full Length Mirror In Brown Colour Simple Round Mirror Frameless (24inch Dia) Silver Plastic Mughal Rectangle Shaped Mirror Sheesham Wood Full Length Mirror In Brown Colour Sheesham Wood Full Length Mirror In Brown Colour Set Of 3 Square Shape Mirror In Brown Colour Set Of 3 Square Shape Mirror In Brown Colour Round Led Mirror With White Light In Silver Colour (24x24) Round Bevelled Mirror Frameless (24inch Dia) Rectangle Full Length Mirror ( 60 X 18 ) In Brown Colour Rectangle Full Length Mirror ( 60 X 18 ) In Brown Colour Rectangle Framed Mirror In Black Colour (24x18) Metal Round Wall Mirror In Multi Colour Metal Antique Round Wall Mirror In Yellow Marble Wall Mirror In Red Colour Marble Finish Decorative Mirror In White Colour Marble Finish Decorative Mirror In Beige Colour Mango Wood Round Wall Mirror In White Colour Mango Wood Rectangle Wall Mirror In Olive Green Mango Wood Rectangle Wall Mirror In Brown Colour MDF Wall Mirror In Brown ByTimberly MDF Rectangle Wall Mirror In Transparent Colour Glass Round Wall Mirror In Transparent Colour Glass Rectangle Wall Mirror In Transparent Colour Glass Oval Wall Mirror In Transparent Colour Glass Oval Wall Mirror In Silver Colour Glass Oval Wall Mirror In Silver Colour Glass Full Length Mirror In Transparent Colour Glass Full Length Mirror In Transparent Colour Garnet Dresser In Wenge Colour Framed Full Length Mirror In Black Colour Engineered Wood Round Wall Mirror In Silver Colour Engineered Wood Round Wall Mirror In Orange Colour Engineered Wood Round Wall Mirror In Brown Colour Engineered Wood Oval Wall Mirror In Gold Colour Engineered Wood Oval Wall Mirror In Brown Colour Engineered Wood Full Length Mirror In Blue Colour Engineeered Wood Rectangle Wall Mirror In Blue Colour Brown Synthetic Wood Spain Rectangle Shaped Mirror Avian Solid Wood Dresser With Mirror In Provincial Teak Finish Abtract Wall Mirror In Golden Colour  </system-out>
  <testcase classname="_PepperFry.PepperFry.SortElements" name="getelements" time="1.209"/>
  <system-out/>
</testsuite> <!-- _PepperFry.PepperFry.SortElements -->
